<?xml version="1.0" encoding="UTF-8"?>
<!-- Generated by org.testng.reporters.JUnitReportReporter -->
<testsuite hostname="ELSPHIL-7007894" name="com.mop.qa.test.bvt.Test_Schedule_Assesment" tests="2" failures="0" timestamp="12 Jan 2016 19:23:12 GMT" time="28.351" errors="0">
  <testcase name="testNBC" time="15.933" classname="com.mop.qa.test.bvt.Test_Schedule_Assesment"/>
  <testcase name="testNBC" time="12.418" classname="com.mop.qa.test.bvt.Test_Schedule_Assesment"/>
</testsuite> <!-- com.mop.qa.test.bvt.Test_Schedule_Assesment -->
