<?xml version="1.0" encoding="UTF-8"?>
<!-- Generated by org.testng.reporters.JUnitReportReporter -->
<testsuite hostname="ELSPHIL-7007894" name="com.mop.qa.test.bvt.Test_TakeAssesment" tests="4" failures="0" timestamp="6 Jan 2016 14:24:31 GMT" time="39.500" errors="0">
  <testcase name="testNBC" time="9.538" classname="com.mop.qa.test.bvt.Test_TakeAssesment"/>
  <testcase name="testNBC" time="9.681" classname="com.mop.qa.test.bvt.Test_TakeAssesment"/>
  <testcase name="testNBC" time="9.967" classname="com.mop.qa.test.bvt.Test_TakeAssesment"/>
  <testcase name="testNBC" time="10.314" classname="com.mop.qa.test.bvt.Test_TakeAssesment"/>
</testsuite> <!-- com.mop.qa.test.bvt.Test_TakeAssesment -->
