<?xml version="1.0" encoding="UTF-8"?>
<!-- Generated by org.testng.reporters.JUnitReportReporter -->
<testsuite hostname="PC143191" name="com.mop.qa.test.bvt.TestToday_Android" tests="1" failures="0" timestamp="23 Dec 2015 12:12:37 GMT" time="22.059" errors="0">
  <testcase name="testNBC" time="22.059" classname="com.mop.qa.test.bvt.TestToday_Android"/>
</testsuite> <!-- com.mop.qa.test.bvt.TestToday_Android -->
