<?xml version="1.0" encoding="UTF-8"?>
<!-- Generated by org.testng.reporters.JUnitReportReporter -->
<testsuite hostname="PC143191" name="com.mop.qa.test.bvt.Test_Desktop1" tests="1" failures="0" timestamp="2 Sep 2015 14:55:23 GMT" time="0.027" errors="0">
  <testcase name="testDesktop" time="0.027" classname="com.mop.qa.test.bvt.Test_Desktop1"/>
</testsuite> <!-- com.mop.qa.test.bvt.Test_Desktop1 -->
