<?xml version="1.0" encoding="UTF-8"?>
<!-- Generated by org.testng.reporters.JUnitReportReporter -->
<testsuite hostname="PC143191" name="com.mop.qa.test.bvt.TestCanvas_iOS" tests="1" failures="0" timestamp="23 Dec 2015 12:12:37 GMT" time="0.001" errors="0">
  <testcase name="testNBC" time="0.001" classname="com.mop.qa.test.bvt.TestCanvas_iOS"/>
</testsuite> <!-- com.mop.qa.test.bvt.TestCanvas_iOS -->
